----------

Mon Nov 13 2023 21:39:02 GMT+0100 (Midden-Europese standaardtijd)

/Users/brambregman/export.sh: line 3: cd: /Users/brambregman/Library/Mobile: No such file or directory


----------

Mon Nov 13 2023 21:39:02 GMT+0100 (Midden-Europese standaardtijd)

fatal: not a git repository (or any of the parent directories): .git


----------

Mon Nov 13 2023 21:39:02 GMT+0100 (Midden-Europese standaardtijd)

fatal: not a git repository (or any of the parent directories): .git


----------

Mon Nov 13 2023 21:39:02 GMT+0100 (Midden-Europese standaardtijd)

fatal: not a git repository (or any of the parent directories): .git


----------

Mon Nov 13 2023 21:39:21 GMT+0100 (Midden-Europese standaardtijd)

/Users/brambregman/export.sh: line 3: cd: /Users/brambregman/Library/Mobile: No such file or directory


----------

Mon Nov 13 2023 21:39:21 GMT+0100 (Midden-Europese standaardtijd)

fatal: not a git repository (or any of the parent directories): .git


----------

Mon Nov 13 2023 21:39:21 GMT+0100 (Midden-Europese standaardtijd)

fatal: not a git repository (or any of the parent directories): .git


----------

Mon Nov 13 2023 21:39:21 GMT+0100 (Midden-Europese standaardtijd)

fatal: not a git repository (or any of the parent directories): .git


----------

Mon Nov 13 2023 21:40:15 GMT+0100 (Midden-Europese standaardtijd)

/Users/brambregman/export.sh: line 3: cd: /Users/brambregman/Library/Mobile: No such file or directory


----------

Mon Nov 13 2023 21:40:16 GMT+0100 (Midden-Europese standaardtijd)

fatal: not a git repository (or any of the parent directories): .git


----------

Mon Nov 13 2023 21:40:16 GMT+0100 (Midden-Europese standaardtijd)

fatal: not a git repository (or any of the parent directories): .git


----------

Mon Nov 13 2023 21:40:16 GMT+0100 (Midden-Europese standaardtijd)

fatal: not a git repository (or any of the parent directories): .git


----------

Mon Nov 13 2023 21:47:00 GMT+0100 (Midden-Europese standaardtijd)

/Users/brambregman/export.sh: line 3: cd: /Users/brambregman/Library/Mobile: No such file or directory


----------

Mon Nov 13 2023 21:47:00 GMT+0100 (Midden-Europese standaardtijd)

fatal: not a git repository (or any of the parent directories): .git


----------

Mon Nov 13 2023 21:47:00 GMT+0100 (Midden-Europese standaardtijd)

fatal: not a git repository (or any of the parent directories): .git


----------

Mon Nov 13 2023 21:47:00 GMT+0100 (Midden-Europese standaardtijd)

fatal: not a git repository (or any of the parent directories): .git


----------

Mon Nov 13 2023 21:53:38 GMT+0100 (Midden-Europese standaardtijd)

/Users/brambregman/export.sh: line 3: cd: /Users/brambregman/Library/Mobile: No such file or directory


----------

Mon Nov 13 2023 21:53:38 GMT+0100 (Midden-Europese standaardtijd)

fatal: not a git repository (or any of the parent directories): .git


----------

Mon Nov 13 2023 21:53:38 GMT+0100 (Midden-Europese standaardtijd)

fatal: not a git repository (or any of the parent directories): .git


----------

Mon Nov 13 2023 21:53:38 GMT+0100 (Midden-Europese standaardtijd)

fatal: not a git repository (or any of the parent directories): .git


----------

Mon Nov 13 2023 21:55:17 GMT+0100 (Midden-Europese standaardtijd)

/Users/brambregman/export.sh: line 3: cd: /Users/brambregman/Library/Mobile%Documents/com~apple~CloudDocs/Unclutter%Files/Estedic%B.V./Estedic%Website: No such file or directory


----------

Mon Nov 13 2023 21:55:17 GMT+0100 (Midden-Europese standaardtijd)

fatal: not a git repository (or any of the parent directories): .git


----------

Mon Nov 13 2023 21:55:17 GMT+0100 (Midden-Europese standaardtijd)

fatal: not a git repository (or any of the parent directories): .git


----------

Mon Nov 13 2023 21:55:17 GMT+0100 (Midden-Europese standaardtijd)

fatal: not a git repository (or any of the parent directories): .git


----------

Mon Nov 13 2023 21:55:49 GMT+0100 (Midden-Europese standaardtijd)

/Users/brambregman/export.sh: line 3: cd: /Users/brambregman/Library/Mobile%20Documents/com~apple~CloudDocs/Unclutter%20Files/Estedic%20B.V./Estedic%20Website: No such file or directory


----------

Mon Nov 13 2023 21:55:49 GMT+0100 (Midden-Europese standaardtijd)

fatal: not a git repository (or any of the parent directories): .git


----------

Mon Nov 13 2023 21:55:49 GMT+0100 (Midden-Europese standaardtijd)

fatal: not a git repository (or any of the parent directories): .git


----------

Mon Nov 13 2023 21:55:50 GMT+0100 (Midden-Europese standaardtijd)

fatal: not a git repository (or any of the parent directories): .git


----------

Mon Nov 13 2023 21:57:49 GMT+0100 (Midden-Europese standaardtijd)

/Users/brambregman/export.sh: line 3: cd: /Users/brambregman/Library/Mobile%20Documents/com~apple~CloudDocs/Unclutter%20Files/Estedic%20B.V./Estedic%20Website: No such file or directory


----------

Mon Nov 13 2023 21:57:49 GMT+0100 (Midden-Europese standaardtijd)

fatal: not a git repository (or any of the parent directories): .git


----------

Mon Nov 13 2023 21:57:49 GMT+0100 (Midden-Europese standaardtijd)

fatal: not a git repository (or any of the parent directories): .git


----------

Mon Nov 13 2023 21:57:49 GMT+0100 (Midden-Europese standaardtijd)

fatal: not a git repository (or any of the parent directories): .git


----------

Mon Nov 13 2023 21:59:02 GMT+0100 (Midden-Europese standaardtijd)

/Users/brambregman/export.sh: line 5: cd: /Users/brambregman/Library/Mobile: No such file or directory


----------

Mon Nov 13 2023 21:59:02 GMT+0100 (Midden-Europese standaardtijd)

fatal: not a git repository (or any of the parent directories): .git


----------

Mon Nov 13 2023 21:59:02 GMT+0100 (Midden-Europese standaardtijd)

fatal: not a git repository (or any of the parent directories): .git


----------

Mon Nov 13 2023 21:59:02 GMT+0100 (Midden-Europese standaardtijd)

fatal: not a git repository (or any of the parent directories): .git


----------

Mon Nov 13 2023 22:02:12 GMT+0100 (Midden-Europese standaardtijd)

/Users/brambregman/export.sh: line 5: cd: /Users/brambregman/Library/Mobile: No such file or directory


----------

Mon Nov 13 2023 22:02:12 GMT+0100 (Midden-Europese standaardtijd)

fatal: not a git repository (or any of the parent directories): .git


----------

Mon Nov 13 2023 22:02:12 GMT+0100 (Midden-Europese standaardtijd)

fatal: not a git repository (or any of the parent directories): .git


----------

Mon Nov 13 2023 22:02:12 GMT+0100 (Midden-Europese standaardtijd)

fatal: not a git repository (or any of the parent directories): .git


----------

Mon Nov 13 2023 22:03:24 GMT+0100 (Midden-Europese standaardtijd)

/Users/brambregman/export.sh: line 8: cd: /Users/brambregman/Library/Mobile: No such file or directory


----------

Mon Nov 13 2023 22:03:24 GMT+0100 (Midden-Europese standaardtijd)

fatal: not a git repository (or any of the parent directories): .git


----------

Mon Nov 13 2023 22:03:24 GMT+0100 (Midden-Europese standaardtijd)

fatal: not a git repository (or any of the parent directories): .git


----------

Mon Nov 13 2023 22:03:24 GMT+0100 (Midden-Europese standaardtijd)

fatal: not a git repository (or any of the parent directories): .git


----------

Mon Nov 13 2023 22:04:55 GMT+0100 (Midden-Europese standaardtijd)

/Users/brambregman/export.sh: line 8: cd: ~/Library/Mobile Documents/com~apple~CloudDocs/Unclutter Files/Estedic B.V./Estedic Website/: No such file or directory


----------

Mon Nov 13 2023 22:04:55 GMT+0100 (Midden-Europese standaardtijd)

fatal: not a git repository (or any of the parent directories): .git


----------

Mon Nov 13 2023 22:04:55 GMT+0100 (Midden-Europese standaardtijd)

fatal: not a git repository (or any of the parent directories): .git


----------

Mon Nov 13 2023 22:04:55 GMT+0100 (Midden-Europese standaardtijd)

fatal: not a git repository (or any of the parent directories): .git


----------

Mon Nov 13 2023 22:05:46 GMT+0100 (Midden-Europese standaardtijd)

/Users/brambregman/export.sh: line 7: cd: ~/Library/Mobile\ Documents/com~apple~CloudDocs/Unclutter Files/Estedic B.V./Estedic Website/: No such file or directory


----------

Mon Nov 13 2023 22:05:46 GMT+0100 (Midden-Europese standaardtijd)

fatal: not a git repository (or any of the parent directories): .git


----------

Mon Nov 13 2023 22:05:46 GMT+0100 (Midden-Europese standaardtijd)

fatal: not a git repository (or any of the parent directories): .git


----------

Mon Nov 13 2023 22:05:46 GMT+0100 (Midden-Europese standaardtijd)

fatal: not a git repository (or any of the parent directories): .git


----------

Mon Nov 13 2023 22:06:08 GMT+0100 (Midden-Europese standaardtijd)

/Users/brambregman/export.sh: line 7: cd: /Users/brambregman/Library/Mobile\ Documents/com~apple~CloudDocs/Unclutter Files/Estedic B.V./Estedic Website/: No such file or directory


----------

Mon Nov 13 2023 22:06:08 GMT+0100 (Midden-Europese standaardtijd)

fatal: not a git repository (or any of the parent directories): .git


----------

Mon Nov 13 2023 22:06:08 GMT+0100 (Midden-Europese standaardtijd)

fatal: not a git repository (or any of the parent directories): .git


----------

Mon Nov 13 2023 22:06:08 GMT+0100 (Midden-Europese standaardtijd)

fatal: not a git repository (or any of the parent directories): .git


----------

Mon Nov 13 2023 22:06:29 GMT+0100 (Midden-Europese standaardtijd)

/Users/brambregman/export.sh: line 7: cd: /Users/brambregman/Library/Mobile\ Documents/com~apple~CloudDocs/Unclutter Files/Estedic B.V./Estedic Website: No such file or directory


----------

Mon Nov 13 2023 22:06:29 GMT+0100 (Midden-Europese standaardtijd)

fatal: not a git repository (or any of the parent directories): .git


----------

Mon Nov 13 2023 22:06:29 GMT+0100 (Midden-Europese standaardtijd)

fatal: not a git repository (or any of the parent directories): .git


----------

Mon Nov 13 2023 22:06:29 GMT+0100 (Midden-Europese standaardtijd)

fatal: not a git repository (or any of the parent directories): .git


----------

Mon Nov 13 2023 22:07:04 GMT+0100 (Midden-Europese standaardtijd)

/Users/brambregman/export.sh: line 9: cd: /Users/brambregman/Library/Mobile: No such file or directory


----------

Mon Nov 13 2023 22:07:04 GMT+0100 (Midden-Europese standaardtijd)

fatal: not a git repository (or any of the parent directories): .git


----------

Mon Nov 13 2023 22:07:04 GMT+0100 (Midden-Europese standaardtijd)

fatal: not a git repository (or any of the parent directories): .git


----------

Mon Nov 13 2023 22:07:04 GMT+0100 (Midden-Europese standaardtijd)

fatal: not a git repository (or any of the parent directories): .git


----------

Mon Nov 13 2023 22:09:47 GMT+0100 (Midden-Europese standaardtijd)

/Users/brambregman/export.sh: line 4: cd: /Users/brambregman/Library/Mobile Documents/com~apple~CloudDocs/Unclutter: No such file or directory


----------

Mon Nov 13 2023 22:09:47 GMT+0100 (Midden-Europese standaardtijd)

fatal: not a git repository (or any of the parent directories): .git


----------

Mon Nov 13 2023 22:09:47 GMT+0100 (Midden-Europese standaardtijd)

fatal: not a git repository (or any of the parent directories): .git


----------

Mon Nov 13 2023 22:09:47 GMT+0100 (Midden-Europese standaardtijd)

fatal: not a git repository (or any of the parent directories): .git


----------

Mon Nov 13 2023 22:10:49 GMT+0100 (Midden-Europese standaardtijd)

/Users/brambregman/export.sh: line 4: cd: /Users/brambregman/Library/Mobile Documents/com~apple~CloudDocs/Unclutter%20Files/Estedic%20B.V./Estedic%20Website: No such file or directory


----------

Mon Nov 13 2023 22:10:49 GMT+0100 (Midden-Europese standaardtijd)

fatal: not a git repository (or any of the parent directories): .git


----------

Mon Nov 13 2023 22:10:49 GMT+0100 (Midden-Europese standaardtijd)

fatal: not a git repository (or any of the parent directories): .git


----------

Mon Nov 13 2023 22:10:49 GMT+0100 (Midden-Europese standaardtijd)

fatal: not a git repository (or any of the parent directories): .git


